0 info it worked if it ends with ok
1 verbose cli [ 'D:\\node.js\\node.exe',
1 verbose cli   'D:\\node.js\\node_modules\\npm\\bin\\npm-cli.js',
1 verbose cli   'run',
1 verbose cli   'dev:server' ]
2 info using npm@4.1.2
3 info using node@v7.6.0
4 verbose run-script [ 'predev:server', 'dev:server', 'postdev:server' ]
5 info lifecycle vue-ssr-tech@1.0.0~predev:server: vue-ssr-tech@1.0.0
6 silly lifecycle vue-ssr-tech@1.0.0~predev:server: no script for predev:server, continuing
7 info lifecycle vue-ssr-tech@1.0.0~dev:server: vue-ssr-tech@1.0.0
8 verbose lifecycle vue-ssr-tech@1.0.0~dev:server: unsafe-perm in lifecycle true
9 verbose lifecycle vue-ssr-tech@1.0.0~dev:server: PATH: D:\node.js\node_modules\npm\bin\node-gyp-bin;D:\Code\vue-ssr-test\node_modules\.bin;C:\Windows\system32;C:\Windows;C:\Windows\System32\Wbem;C:\Windows\System32\WindowsPowerShell\v1.0\;C:\Program Files (x86)\Common Files\microsoft shared\TigerKin;C:\Program Files (x86)\Common Files\microsoft shared\TigerKin;C:\Program Files (x86)\GtkSharp\2.12\bin;C:\Program Files\Common Files\Autodesk Shared\;C:\Users\admin\.dnx\bin;C:\Program Files\Microsoft DNX\Dnvm\;C:\Program Files\Microsoft SQL Server\130\Tools\Binn\;D:\node.js\;D:\Git\cmd;C:\Program Files (x86)\NVIDIA Corporation\PhysX\Common;C:\Program Files\TortoiseGit\bin;C:\Program Files\Calibre2\;C:\Program Files\MySQL\MySQL Utilities 1.6\;D:\Microsoft VS Code\bin;C:\Users\admin\AppData\Roaming\npm;C:\Users\admin\AppData\Local\atom\bin;D:\Microsoft VS Code\bin;C:\Users\admin\AppData\Local\GitHubDesktop\bin
10 verbose lifecycle vue-ssr-tech@1.0.0~dev:server: CWD: D:\Code\vue-ssr-test
11 silly lifecycle vue-ssr-tech@1.0.0~dev:server: Args: [ '/d /s /c',
11 silly lifecycle   'cross-env NODE_ENV=development node server/server.js' ]
12 silly lifecycle vue-ssr-tech@1.0.0~dev:server: Returned: code: 1  signal: null
13 info lifecycle vue-ssr-tech@1.0.0~dev:server: Failed to exec dev:server script
14 verbose stack Error: vue-ssr-tech@1.0.0 dev:server: `cross-env NODE_ENV=development node server/server.js`
14 verbose stack Exit status 1
14 verbose stack     at EventEmitter.<anonymous> (D:\node.js\node_modules\npm\lib\utils\lifecycle.js:279:16)
14 verbose stack     at emitTwo (events.js:106:13)
14 verbose stack     at EventEmitter.emit (events.js:192:7)
14 verbose stack     at ChildProcess.<anonymous> (D:\node.js\node_modules\npm\lib\utils\spawn.js:40:14)
14 verbose stack     at emitTwo (events.js:106:13)
14 verbose stack     at ChildProcess.emit (events.js:192:7)
14 verbose stack     at maybeClose (internal/child_process.js:890:16)
14 verbose stack     at Process.ChildProcess._handle.onexit (internal/child_process.js:226:5)
15 verbose pkgid vue-ssr-tech@1.0.0
16 verbose cwd D:\Code\vue-ssr-test
17 error Windows_NT 10.0.10586
18 error argv "D:\\node.js\\node.exe" "D:\\node.js\\node_modules\\npm\\bin\\npm-cli.js" "run" "dev:server"
19 error node v7.6.0
20 error npm  v4.1.2
21 error code ELIFECYCLE
22 error vue-ssr-tech@1.0.0 dev:server: `cross-env NODE_ENV=development node server/server.js`
22 error Exit status 1
23 error Failed at the vue-ssr-tech@1.0.0 dev:server script 'cross-env NODE_ENV=development node server/server.js'.
23 error Make sure you have the latest version of node.js and npm installed.
23 error If you do, this is most likely a problem with the vue-ssr-tech package,
23 error not with npm itself.
23 error Tell the author that this fails on your system:
23 error     cross-env NODE_ENV=development node server/server.js
23 error You can get information on how to open an issue for this project with:
23 error     npm bugs vue-ssr-tech
23 error Or if that isn't available, you can get their info via:
23 error     npm owner ls vue-ssr-tech
23 error There is likely additional logging output above.
24 verbose exit [ 1, true ]
